Number of sequences before filtering: 201155
Number of sequences after filtering: 200969
Number of sequences before filtering: 48
Number of sequences after filtering: 48
{'corpus': {'average_len': 26.37579427672925,
            'compression_rate': 0.3917162527258105,
            'dep': 43,
            'max_len': 100,
            'max_len_before': 726,
            'pairs': 200969,
            'pairs_before': 201155,
            'pos': 49,
            'total_len': 5300717,
            'train_dep_coverage': 1.0,
            'train_pos_coverage': 1.0,
            'train_test_dep_coverage': 1.0,
            'train_test_pos_coverage': 1.0,
            'train_test_vocab_coverage': 0.9541058842812654,
            'train_vocab_coverage': 0.9953187093411758,
            'vocab': 107449},
 'corpus_val': {'average_len': 16.958333333333332,
                'compression_rate': 0.05896805896805897,
                'dep': 30,
                'max_len': 32,
                'max_len_before': 32,
                'pairs': 48,
                'pairs_before': 48,
                'pos': 27,
                'total_len': 814,
                'train_test_dep_coverage': 1.0,
                'train_test_pos_coverage': 1.0,
                'train_test_vocab_coverage': 0.972,
                'vocab': 250}}
