[['goods are delivered'
  'the goods are delivered by the vendor and arrive in the warehouse'
  'the goods are delivered by the vendor and arrive'
  'the goods are delivered by the vendor' '0.6686555254602569'
  '0.7170138865081225' '0.7278030507685678' '0.502240808631753'
  '0.558863325930037' '0.5720836315542596' '0.7093285091688077'
  '0.7497602709460673' '0.7545088168527336']
 ['check whether purchase order exists'
  'the warehouse clerks then check whether the goods have actually been ordered'
  'the warehouse clerks then check have actually been ordered'
  'the warehouse clerks then check' '0.7014859842088941'
  '0.7141887713126532' '0.737149758006594' '0.5402221121052136'
  '0.5554382753693566' '0.5837190614486519' '0.7044693920847585'
  '0.7146218374040813' '0.7522040575158357']
 ['refuse acceptance of goods'
  'if goods that have not been ordered are delivered the warehouse clerk refuses to accept the goods'
  'been ordered are delivered the warehouse clerk refuses to'
  'the warehouse clerk refuses to accept the goods' '0.6519679526812504'
  '0.5650507229183883' '0.6762435184714689' '0.48364425310067505'
  '0.3937774888235659' '0.5108519035847257' '0.6904296596287083'
  '0.5698195259443489' '0.6822002469835071']
 ['check delivery quantity'
  'if on the other hand there is an order the warehouse clerk checks whether the delivery quantity corresponds to the information on the delivery note'
  'hand there is an order the warehouse clerk checks'
  'the delivery quantity corresponds to the information on the delivery note'
  '0.5440662322937879' '0.596577131346953' '0.6200707161226258'
  '0.3736888616512761' '0.4250872240093434' '0.4493496321639969'
  '0.5841957669098403' '0.619038831183404' '0.6364433830724627']
 ['enter missing quantity in delivery note'
  'if goods are missing the warehouse keeper enters the missing quantity in the delivery note and in the supply chain management system'
  'goods are missing the warehouse keeper enters the missing quantity'
  'the warehouse keeper enters the missing quantity' '0.7099895068128877'
  '0.7581425061137473' '0.8120126991857205' '0.5503749857559537'
  '0.6104907445871475' '0.6835196795699284' '0.7404806100960203'
  '0.7669279039037153' '0.8135165073449542']
 ['inform supplier'
  'the incoming goods department then informs the supplier who in turn issues a new delivery order and delivers the goods at a later date'
  'the incoming goods department then informs the supplier'
  'the supplier who turn issues a delivery order' '0.5152872953245379'
  '0.6795326144607259' '0.4891333386282586' '0.34706195596081507'
  '0.5146152202640032' '0.32374355138935035' '0.5984609908154344'
  '0.713675810651338' '0.5408693836799559']
 ['issue delivery order'
  'the incoming goods department then informs the supplier who in turn issues a new delivery order and delivers the goods at a later date'
  'the incoming goods department then informs the supplier'
  'the supplier who turn issues a delivery order' '0.5334843620269127'
  '0.5328218779506028' '0.6131794106037134' '0.36377679733729706'
  '0.36316100270520774' '0.4421476110840291' '0.5925376618307707'
  '0.5459072363331864' '0.6536743373476642']
 ['check storability'
  'all incoming goods are checked by warehousemen for their storability because they could have been put together unfavourably'
  'all incoming goods are checked by warehousemen for their'
  'all incoming goods are checked by warehousemen for their storability'
  '0.4749616472460011' '0.49991212811735947' '0.5117937592256657'
  '0.31144242791552684' '0.33325522956862497' '0.34389975341010015'
  '0.5563569513276438' '0.571920505487412' '0.5870421527371738']
 ['repack goods'
  'if the latter is the case the goods must be repacked to make them fit for storage'
  'the goods must be repacked to make them fit for storage'
  'the goods must be repacked to make fit for storage'
  '0.39375683700974656' '0.4857220224621188' '0.5023791175270184'
  '0.24514148672029917' '0.32076146498007696' '0.3354514639896401'
  '0.4477821158935913' '0.5455664810788683' '0.5613709427605122']
 ['check whether goods have a best - before date'
  'if the goods can be stored the system checks whether they have a best - before date'
  'the system checks have a date' 'the the system checks they have a date'
  '0.8736522225322128' '0.6871201328038672' '0.6580095416041363'
  '0.7756505051186986' '0.5233686264618584' '0.49032356190570986'
  '0.8788848118159271' '0.710834822661208' '0.681292297046206']
 ['check best - before date' 'if so the best - before date must be checked'
  'date must be checked' 'the date must be checked' '0.7964410892873135'
  '0.7511492762252714' '0.7462717544155596' '0.6617383513165147'
  '0.6014724273489439' '0.5952420367363392' '0.8097003468793867'
  '0.7557483600594209' '0.7491914630237028']
 ['enter best - before date'
  'if the best - before date lies within the specified tolerance range the best - before date is entered'
  'within the is entered' 'date is entered' '0.7560529654186632'
  '0.46405505165308736' '0.6074548408522775' '0.6077854960063638'
  '0.3021300028705681' '0.43621913218531255' '0.7761861170737426'
  '0.4667780133175285' '0.6143928211079392']
 ['sort out goods'
  'otherwise the goods are sorted out and this is also noted on the delivery note as a shortfall'
  'otherwise the goods are sorted out' 'the goods are sorted out'
  '0.5186394838356619' '0.7429629984161495' '0.7798107665669654'
  '0.3501102386464076' '0.5910430619623971' '0.6390900240718788'
  '0.5932138624873916' '0.7739654916771243' '0.8053623335086826']
 ['store goods in storage rooms'
  'after all checks have been completed the goods are stored in the various storage rooms whereby the individual storage locations are noted in the system'
  'the goods are stored in the various storage rooms'
  'the goods are stored in the various storage rooms' '0.6670874162285793'
  '0.9160913636258281' '0.9160913636258281' '0.5004734926735279'
  '0.8451739684354612' '0.8451739684354612' '0.7001248426066782'
  '0.9255964977626471' '0.9255964977626471']
 ['store goods in cold storage rooms'
  'goods to be stored in cold storage are stored in the cold storage rooms provided for this purpose'
  'goods to be stored are stored in the'
  'goods to be stored in storage are stored' '0.8451983685723979'
  '0.8015612210031492' '0.8155282884142523' '0.7318991812711046'
  '0.6688378539236635' '0.6885164756889287' '0.8582468179071965'
  '0.8052897914229542' '0.8186999426388704']
 ['check whether it is an electronic or written invoice'
  'when an invoice arrives it is checked whether it is available electronically or in writing'
  'when an is available electronically or in writing'
  'when an invoice arrives' '0.9676449207869252' '0.9174366516721385'
  '0.7336531303091693' '0.9373179250733423' '0.847466943240985'
  '0.5793461079808926' '0.9679760177730429' '0.9187604870304219'
  '0.7596125411965767']
 ['transfer an invoice to the system'
  'an electronic invoice is transferred directly into the system whereas a written invoice must first be entered'
  'an electronic invoice is transferred directly into the system whereas a'
  'an electronic invoice is transferred directly into the system'
  '0.7505775885361804' '0.8127248114501142' '0.8862283572773496'
  '0.6007396550993558' '0.6845294328459437' '0.7957002344851732'
  '0.7700027778291589' '0.8249538216535318' '0.8922649655451641']
 ['enter invoice'
  'an electronic invoice is transferred directly into the system whereas a written invoice must first be entered'
  'an electronic invoice is transferred directly into the system whereas a'
  'an electronic invoice is transferred directly into the system'
  '0.49605565474657703' '0.530750999033764' '0.5898649966818963'
  '0.32983644395630135' '0.36123965283265214' '0.4183039179184408'
  '0.5836604734177375' '0.6076859626098188' '0.6578225920736273']
 ['post open items with blocking indicator'
  'after entry the open items must be posted with the blocking indicator'
  'items must be posted with the blocking indicator'
  'the open items must be posted with the blocking indicator'
  '0.8591455284391232' '0.9086294644780254' '0.9109481761062647'
  '0.7530719735565138' '0.8325581779092571' '0.8364598966918868'
  '0.8626465716658175' '0.909532133369832' '0.9119376534147109']
 ['calculate input tax deduction'
  'then the calculation of the input tax deduction takes place'
  'then the calculation of the input tax deduction takes place'
  'the calculation of the input tax deduction takes place'
  '0.7756758559545595' '0.7756758559545595' '0.7948523781488188'
  '0.6335543244222508' '0.6335543244222508' '0.6595477298688741'
  '0.7887933821640515' '0.7887933821640515' '0.8084245769219248']
 ['check type of incoming payment'
  'the system now checks the incoming payment type'
  'the system now checks the incoming payment type'
  'the system checks the incoming payment type' '0.7981955003731079'
  '0.7981955003731079' '0.7792392061358411' '0.664164180297971'
  '0.664164180297971' '0.6383226018172333' '0.798940914142067'
  '0.798940914142067' '0.7802059276886842']
 ['release invoice' 'here the invoice is to be released already before'
  'the invoice is to be released already before'
  'the invoice is to be released' '0.6058178583865304' '0.6133514719646221'
  '0.641002875739854' '0.43453279188142874' '0.4423265590117683'
  '0.47167346000737387' '0.672505969105341' '0.6808245007046745'
  '0.6919258044910792']
 ['check whether customer has already been entered in the customer database'
  'as soon as we receive a customer order a sales employee checks whether the customer has already been entered in the customer database'
  'as soon as we receive has already been entered'
  'a the customer has been entered in the customer database'
  '0.8339378894545066' '0.802091984370605' '0.882740046472979'
  '0.7151745022093066' '0.6695772746367145' '0.7900936963562525'
  '0.8391081458688144' '0.8021019847776883' '0.882786299530253']
 ['create customer data'
  'if this is not the case the customer data is newly created'
  'case the customer data is newly created'
  'the customer data is newly created' '0.6209811952391074'
  '0.727885294399814' '0.7095156311398809' '0.4503065462887426'
  '0.5721852685103553' '0.549805676272231' '0.6813848268335458'
  '0.7730045026977368' '0.7594501291330666']
 ['create and send order confirmation'
  'once the data has been created we create an order confirmation in the merchandise management system and send it out'
  'the data has been created we create an order confirmation'
  'we create an order confirmation in the system' '0.7003580983059302'
  '0.7364126340932221' '0.7759770816923841' '0.5388854402070453'
  '0.5827951861205548' '0.6339563337304841' '0.7361337746666153'
  '0.7485364923822446' '0.7907198484208643']
 ['chocolate bars are removed from storage'
  'once the order confirmation has been created and sent the ordered chocolate bars are removed from storage'
  'the order confirmation has been created and sent'
  'chocolate bars are removed from storage' '0.8150626887140777'
  '0.7259688858995661' '1.0' '0.6878530036576805' '0.5698203739805501'
  '1.0' '0.8304178173452832' '0.731511037667187' '1.0']
 ['carry out quality control'
  'after removal from storage a final quality control is carried out'
  'quality control is carried out' 'a final quality control is carried out'
  '0.6315251196465831' '0.8316789342732739' '0.7385643177774543'
  '0.46148097324481974' '0.7118582029126966' '0.5854950261722143'
  '0.6763153624120167' '0.841318417992897' '0.7638054917048195']
 ['dispose of defective goods'
  'if we detect any defects in the packaging or the chocolate the inferior bars are disposed of and then the missing quantity of chocolate bars is removed again'
  'inferior bars are disposed of'
  'inferior bars are disposed of quantity bars is' '0.5684939586726983'
  '0.7009492534143226' '0.659417781230996' '0.3971299751872419'
  '0.5395857361666913' '0.49188910012286274' '0.6151524738853511'
  '0.7037032963862712' '0.670728390399429']
 ['pack chocolate bars in cartons'
  'if the quality is perfect the chocolate bars are packed in cartons'
  'the chocolate bars are packed in cartons'
  'the the chocolate bars are packed in cartons' '0.8159109524031182'
  '0.9004694250509327' '0.9003239372421518' '0.6890621563124969'
  '0.8189580586175556' '0.818717409365312' '0.8278184025775781'
  '0.9019635886339828' '0.9018113744592714']
 ['check whether the customer is the person collecting the goods himself'
  'after the goods have been packed the merchandise management system checks whether the customer is the person collecting the goods himself'
  'the customer is the person collecting the goods himself'
  'the management system checks the customer is the person'
  '0.8798819912556483' '0.950975459240227' '0.81319942734566'
  '0.785526153839802' '0.9065330907811439' '0.6852030965294346'
  '0.8819740702252965' '0.9511181803789979' '0.8145087163729522']
 ['provide wooden pallet'
  'if so we will provide him with either a lattice box or a wooden pallet'
  'so we will provide him with either a'
  'we will provide with a lattice box' '0.5208900684981358'
  '0.5519152492169475' '0.5708581198230045' '0.35216453990626134'
  '0.3811346324298347' '0.3994411805721522' '0.5978790362702532'
  '0.5986831062787653' '0.6070173685075025']
 ['provide lattice box'
  'if so we will provide him with either a lattice box or a wooden pallet'
  'so we will provide him with either a'
  'we will provide with a lattice box' '0.5551749043641733'
  '0.49995474402422707' '0.7000067923167185' '0.3842505961732735'
  '0.3332931070129672' '0.5384695767481746' '0.6239203787867076'
  '0.5334910940645884' '0.7338048628539978']
 ['arrange transport'
  'the transport is then arranged in the merchandise management system'
  'the transport is then arranged in the merchandise management system'
  'the transport is arranged in the management system' '0.5693529246567853'
  '0.5693529246567853' '0.5811655353295745' '0.39796881737600914'
  '0.39796881737600914' '0.4096077095678464' '0.6282233584061812'
  '0.6282233584061812' '0.639333772098223']
 ['load goods'
  'the goods are then loaded and transported to the customer or taken away by the customer'
  'the goods are then loaded and transported to the customer'
  'the goods are then loaded and transported customer'
  '0.42036272031937066' '0.5199083186741046' '0.5494725706760321'
  '0.26611344624910316' '0.3512676445883139' '0.3788088108972327'
  '0.5026248251685047' '0.5732453357482701' '0.6018959688242675']
 ['transport goods'
  'the goods are then loaded and transported to the customer or taken away by the customer'
  'the goods are then loaded and transported to the customer'
  'the goods are then loaded and transported customer' '0.5094266529582153'
  '0.6371118138623106' '0.6708521964924544' '0.34176557226736376'
  '0.4674718148873474' '0.5047235489703353' '0.574515819464032'
  '0.6728989474815346' '0.7050295086804026']
 ['take goods away'
  'the goods are then loaded and transported to the customer or taken away by the customer'
  'the goods are then loaded and transported to the customer'
  'the goods are then loaded and transported customer' '0.7439668456271886'
  '0.7660665486688093' '0.7975055691190922' '0.5923146558967081'
  '0.6208329532215552' '0.6632093659967023' '0.7663817503100981'
  '0.7684108030388579' '0.7990613569565309']
 ['booking in the merchandise management system'
  'the last step is the booking in our merchandise management system'
  'the last step is the booking in our merchandise management system'
  'the last step is the booking' '0.8569260228732439' '0.8569260228732439'
  '0.8287412380611221' '0.749668035508273' '0.749668035508273'
  '0.7075646005748899' '0.865521572593155' '0.865521572593155'
  '0.8288743281129516']]
Averace dice original: 0.674218698085
Averace dice without syn: 0.703954971691
Averace dice with syn: 0.722353007815
Averace jaccard original: 0.527246828725
Averace jaccard without syn: 0.560709875258
Averace jaccard with syn: 0.580964069402
Averace cosine original: 0.711683680471
Averace cosine without syn: 0.725910116217
Averace cosine with syn: 0.745334774615