Loaded model from disk
Original sentence: the goods receipt triggers the process <EOS>
Compressed sentence (Ground Truth): <EOS>
Number of sequences before filtering: 1
Number of sequences after filtering: 1
Longest sequence is 7 words.
Compressed sentence (predicted, synfeat=False): the goods receipt triggers the process <EOS>


Original sentence: the goods are delivered by the vendor and arrive in the warehouse <EOS>
Compressed sentence (Ground Truth): <EOS>
Number of sequences before filtering: 1
Number of sequences after filtering: 1
Longest sequence is 13 words.
Compressed sentence (predicted, synfeat=False): the goods are delivered by the vendor and arrive <EOS>


Original sentence: the warehouse clerks then check whether the goods have actually been ordered <EOS>
Compressed sentence (Ground Truth): <EOS>
Number of sequences before filtering: 1
Number of sequences after filtering: 1
Longest sequence is 13 words.
Compressed sentence (predicted, synfeat=False): the warehouse clerks then check have actually been ordered <EOS>


Original sentence: if goods that have not been ordered are delivered the warehouse clerk refuses to accept the goods <EOS>
Compressed sentence (Ground Truth): <EOS>
Number of sequences before filtering: 1
Number of sequences after filtering: 1
Longest sequence is 18 words.
Compressed sentence (predicted, synfeat=False): been ordered are delivered the warehouse clerk refuses to <EOS>


Original sentence: if on the other hand there is an order the warehouse clerk checks whether the delivery quantity corresponds to the information on the delivery note <EOS>
Compressed sentence (Ground Truth): <EOS>
Number of sequences before filtering: 1
Number of sequences after filtering: 1
Longest sequence is 26 words.
Compressed sentence (predicted, synfeat=False): hand there is an order the warehouse clerk checks <EOS>


Original sentence: if goods are missing the warehouse clerk enters the missing quantity in the delivery note and in the supply chain management system <EOS>
Compressed sentence (Ground Truth): <EOS>
Number of sequences before filtering: 1
Number of sequences after filtering: 1
Longest sequence is 23 words.
Compressed sentence (predicted, synfeat=False): goods are missing the warehouse clerk enters the missing quantity <EOS>


Original sentence: the incoming goods department then informs the supplier who in turn issues a new delivery order and delivers the goods at a later date <EOS>
Compressed sentence (Ground Truth): <EOS>
Number of sequences before filtering: 1
Number of sequences after filtering: 1
Longest sequence is 25 words.
Compressed sentence (predicted, synfeat=False): the incoming goods department then informs the supplier <EOS>


Original sentence: all incoming goods are checked by warehousemen for their storability because the goods could have been put together unfavourably <EOS>
Compressed sentence (Ground Truth): <EOS>
Number of sequences before filtering: 1
Number of sequences after filtering: 1
Longest sequence is 20 words.
Compressed sentence (predicted, synfeat=False): all incoming goods are checked by warehousemen for their storability <EOS>


Original sentence: if the latter is the case the goods must be repacked in order to make them fit for storage <EOS>
Compressed sentence (Ground Truth): <EOS>
Number of sequences before filtering: 1
Number of sequences after filtering: 1
Longest sequence is 20 words.
Compressed sentence (predicted, synfeat=False): case the goods must be repacked in order to <EOS>


Original sentence: containers pallets and crates are available for this purpose <EOS>
Compressed sentence (Ground Truth): <EOS>
Number of sequences before filtering: 1
Number of sequences after filtering: 1
Longest sequence is 10 words.
Compressed sentence (predicted, synfeat=False): pallets and crates are available for this purpose <EOS>


Original sentence: boxes are usually stacked on pallets which in turn are stored in stackable containers <EOS>
Compressed sentence (Ground Truth): <EOS>
Number of sequences before filtering: 1
Number of sequences after filtering: 1
Longest sequence is 15 words.
Compressed sentence (predicted, synfeat=False): boxes are usually stacked on pallets <EOS>


Original sentence: if the goods can be stored the system checks whether they have a best - before date <EOS>
Compressed sentence (Ground Truth): <EOS>
Number of sequences before filtering: 1
Number of sequences after filtering: 1
Longest sequence is 18 words.
Compressed sentence (predicted, synfeat=False): the system checks have a date <EOS>


Original sentence: if so the best - before date must be checked <EOS>
Compressed sentence (Ground Truth): <EOS>
Number of sequences before filtering: 1
Number of sequences after filtering: 1
Longest sequence is 11 words.
Compressed sentence (predicted, synfeat=False): date must be checked <EOS>


Original sentence: if it lies within the specified tolerance range the shelf life expiration date is entered <EOS>
Compressed sentence (Ground Truth): <EOS>
Number of sequences before filtering: 1
Number of sequences after filtering: 1
Longest sequence is 16 words.
Compressed sentence (predicted, synfeat=False): the shelf life expiration date is entered <EOS>


Original sentence: otherwise the goods are sorted out and this is also noted as a shortfall on the delivery note <EOS>
Compressed sentence (Ground Truth): <EOS>
Number of sequences before filtering: 1
Number of sequences after filtering: 1
Longest sequence is 19 words.
Compressed sentence (predicted, synfeat=False): otherwise the goods are sorted out <EOS>


Original sentence: the supplier is again informed and therefore has to deliver the missing goods again <EOS>
Compressed sentence (Ground Truth): <EOS>
Number of sequences before filtering: 1
Number of sequences after filtering: 1
Longest sequence is 15 words.
Compressed sentence (predicted, synfeat=False): the supplier is again informed and has to deliver the missing goods again <EOS>


Original sentence: after all checks have been completed the goods can be moved to the various storage rooms whereby the individual storage locations are noted in the system <EOS>
Compressed sentence (Ground Truth): <EOS>
Number of sequences before filtering: 1
Number of sequences after filtering: 1
Longest sequence is 27 words.
Compressed sentence (predicted, synfeat=False): goods can be moved to the various storage rooms are noted <EOS>


Original sentence: goods to be stored in a cool place are stored in the cold rooms provided for this purpose <EOS>
Compressed sentence (Ground Truth): <EOS>
Number of sequences before filtering: 1
Number of sequences after filtering: 1
Longest sequence is 19 words.
Compressed sentence (predicted, synfeat=False): goods to be stored are stored <EOS>


Original sentence: when an invoice arrives it is checked whether it is available electronically or in writing <EOS>
Compressed sentence (Ground Truth): <EOS>
Number of sequences before filtering: 1
Number of sequences after filtering: 1
Longest sequence is 16 words.
Compressed sentence (predicted, synfeat=False): when an is available electronically or in writing <EOS>


Original sentence: an electronic invoice is transferred directly into the system whereas a written invoice has to be entered first <EOS>
Compressed sentence (Ground Truth): <EOS>
Number of sequences before filtering: 1
Number of sequences after filtering: 1
Longest sequence is 19 words.
Compressed sentence (predicted, synfeat=False): an electronic invoice is transferred directly into the system whereas <EOS>


Original sentence: after entry the open items must be posted with the blocking indicator <EOS>
Compressed sentence (Ground Truth): <EOS>
Number of sequences before filtering: 1
Number of sequences after filtering: 1
Longest sequence is 13 words.
Compressed sentence (predicted, synfeat=False): items must be posted with the blocking indicator <EOS>


Original sentence: then the calculation of the input tax deduction takes place <EOS>
Compressed sentence (Ground Truth): <EOS>
Number of sequences before filtering: 1
Number of sequences after filtering: 1
Longest sequence is 11 words.
Compressed sentence (predicted, synfeat=False): then the calculation of the input tax deduction takes place <EOS>


Original sentence: now the check is carried out according to the type of incoming payment <EOS>
Compressed sentence (Ground Truth): <EOS>
Number of sequences before filtering: 1
Number of sequences after filtering: 1
Longest sequence is 14 words.
Compressed sentence (predicted, synfeat=False): the check is carried out <EOS>


Original sentence: the payment can be made only after invoice examination unless one is immediate payer <EOS>
Compressed sentence (Ground Truth): <EOS>
Number of sequences before filtering: 1
Number of sequences after filtering: 1
Longest sequence is 15 words.
Compressed sentence (predicted, synfeat=False): the payment can be made only is immediate payer <EOS>


Original sentence: here the invoice is to be released already before <EOS>
Compressed sentence (Ground Truth): <EOS>
Number of sequences before filtering: 1
Number of sequences after filtering: 1
Longest sequence is 10 words.
Compressed sentence (predicted, synfeat=False): the invoice is to be released already before <EOS>


Original sentence: there is no invoice verification for drop shipments <EOS>
Compressed sentence (Ground Truth): <EOS>
Number of sequences before filtering: 1
Number of sequences after filtering: 1
Longest sequence is 9 words.
Compressed sentence (predicted, synfeat=False): there is no invoice verification for drop shipments <EOS>


Original sentence: the first step is to sort the documents and then assign them to a delivery note <EOS>
Compressed sentence (Ground Truth): <EOS>
Number of sequences before filtering: 1
Number of sequences after filtering: 1
Longest sequence is 17 words.
Compressed sentence (predicted, synfeat=False): the first step is to sort the documents and then assign <EOS>


Original sentence: if no delivery note is available a transaction must be assigned manually <EOS>
Compressed sentence (Ground Truth): <EOS>
Number of sequences before filtering: 1
Number of sequences after filtering: 1
Longest sequence is 13 words.
Compressed sentence (predicted, synfeat=False): note is available a transaction must be assigned manually <EOS>


Original sentence: you must now check whether there are any differences between the delivery note and the invoice <EOS>
Compressed sentence (Ground Truth): <EOS>
Number of sequences before filtering: 1
Number of sequences after filtering: 1
Longest sequence is 17 words.
Compressed sentence (predicted, synfeat=False): you must now check are any differences between the note <EOS>


Original sentence: if the deviation is outside the tolerance range a deviation check is carried out <EOS>
Compressed sentence (Ground Truth): <EOS>
Number of sequences before filtering: 1
Number of sequences after filtering: 1
Longest sequence is 15 words.
Compressed sentence (predicted, synfeat=False): the tolerance range a deviation check is carried out <EOS>


Original sentence: now it must be checked whether a credit - side postprocessing is necessary and if necessary this must be carried out <EOS>
Compressed sentence (Ground Truth): <EOS>
Number of sequences before filtering: 1
Number of sequences after filtering: 1
Longest sequence is 22 words.
Compressed sentence (predicted, synfeat=False): postprocessing is necessary and if necessary <EOS>


Original sentence: now the invoice is archived and it is checked whether differences are to be posted and whether there was an immediate payment <EOS>
Compressed sentence (Ground Truth): <EOS>
Number of sequences before filtering: 1
Number of sequences after filtering: 1
Longest sequence is 23 words.
Compressed sentence (predicted, synfeat=False): the are to be posted <EOS>


Original sentence: if differences are to be posted the system branches to the goods valuation process <EOS>
Compressed sentence (Ground Truth): <EOS>
Number of sequences before filtering: 1
Number of sequences after filtering: 1
Longest sequence is 15 words.
Compressed sentence (predicted, synfeat=False): if differences are to be posted the system branches to the process <EOS>


Original sentence: if no immediate payment has been made the block indicators for the open items are removed and the invoice is released for payment and the outgoing payment posting process is called <EOS>
Compressed sentence (Ground Truth): <EOS>
Number of sequences before filtering: 1
Number of sequences after filtering: 1
Longest sequence is 32 words.
Compressed sentence (predicted, synfeat=False): payment has been made the <EOS>


Original sentence: as soon as we receive a customer order a sales employee checks whether the customer has already been entered in the customer database <EOS>
Compressed sentence (Ground Truth): <EOS>
Number of sequences before filtering: 1
Number of sequences after filtering: 1
Longest sequence is 24 words.
Compressed sentence (predicted, synfeat=False): as soon as we receive has already been entered <EOS>


Original sentence: as soon as we receive a customer order a sales employee checks whether the customer has already been entered in the customer database <EOS>
Compressed sentence (Ground Truth): <EOS>
Number of sequences before filtering: 1
Number of sequences after filtering: 1
Longest sequence is 24 words.
Compressed sentence (predicted, synfeat=False): as soon as we receive has already been entered <EOS>


Original sentence: if this is not the case the customer data is newly created <EOS>
Compressed sentence (Ground Truth): <EOS>
Number of sequences before filtering: 1
Number of sequences after filtering: 1
Longest sequence is 13 words.
Compressed sentence (predicted, synfeat=False): case the customer data is newly created <EOS>


Original sentence: once the data has been entered we create an order confirmation in the merchandise management system and send it out <EOS>
Compressed sentence (Ground Truth): <EOS>
Number of sequences before filtering: 1
Number of sequences after filtering: 1
Longest sequence is 21 words.
Compressed sentence (predicted, synfeat=False): the data has been entered we create an order confirmation <EOS>


Original sentence: once the order confirmation has been created and sent the ordered chocolate bars are removed from storage <EOS>
Compressed sentence (Ground Truth): <EOS>
Number of sequences before filtering: 1
Number of sequences after filtering: 1
Longest sequence is 18 words.
Compressed sentence (predicted, synfeat=False): the order confirmation has been created and sent <EOS>


Original sentence: following the outsourcing a final quality control takes place <EOS>
Compressed sentence (Ground Truth): <EOS>
Number of sequences before filtering: 1
Number of sequences after filtering: 1
Longest sequence is 10 words.
Compressed sentence (predicted, synfeat=False): following takes place <EOS>


Original sentence: if we detect any defects in the packaging or the chocolate the inferior bars are disposed of and then the missing quantity of chocolate bars is removed again <EOS>
Compressed sentence (Ground Truth): <EOS>
Number of sequences before filtering: 1
Number of sequences after filtering: 1
Longest sequence is 29 words.
Compressed sentence (predicted, synfeat=False): inferior bars are disposed of <EOS>


Original sentence: if the quality is perfect the bars are packed in cartons <EOS>
Compressed sentence (Ground Truth): <EOS>
Number of sequences before filtering: 1
Number of sequences after filtering: 1
Longest sequence is 12 words.
Compressed sentence (predicted, synfeat=False): the bars are packed in cartons <EOS>


Original sentence: after the goods have been packed the merchandise management system checks whether the customer is the person collecting the goods himself <EOS>
Compressed sentence (Ground Truth): <EOS>
Number of sequences before filtering: 1
Number of sequences after filtering: 1
Longest sequence is 22 words.
Compressed sentence (predicted, synfeat=False): the customer is the person collecting the goods himself <EOS>


Original sentence: if so we will either provide him with a box pallet or a wooden pallet <EOS>
Compressed sentence (Ground Truth): <EOS>
Number of sequences before filtering: 1
Number of sequences after filtering: 1
Longest sequence is 16 words.
Compressed sentence (predicted, synfeat=False): so we will either provide him with a <EOS>


Original sentence: it should be noted that wooden pallets are only awarded to regular customers <EOS>
Compressed sentence (Ground Truth): <EOS>
Number of sequences before filtering: 1
Number of sequences after filtering: 1
Longest sequence is 14 words.
Compressed sentence (predicted, synfeat=False): wooden pallets are only awarded to regular customers <EOS>


Original sentence: if on the other hand the customer does not collect the pallets himself the cartons are always provided in a lattice box <EOS>
Compressed sentence (Ground Truth): <EOS>
Number of sequences before filtering: 1
Number of sequences after filtering: 1
Longest sequence is 23 words.
Compressed sentence (predicted, synfeat=False): pallets himself the cartons are always provided in a lattice box <EOS>


Original sentence: the transport is then arranged in the merchandise management system <EOS>
Compressed sentence (Ground Truth): <EOS>
Number of sequences before filtering: 1
Number of sequences after filtering: 1
Longest sequence is 11 words.
Compressed sentence (predicted, synfeat=False): the transport is then arranged in the merchandise management system <EOS>


Original sentence: the goods are then loaded and transported to the customer or taken away by the customer <EOS>
Compressed sentence (Ground Truth): <EOS>
Number of sequences before filtering: 1
Number of sequences after filtering: 1
Longest sequence is 17 words.
Compressed sentence (predicted, synfeat=False): the goods are then loaded and transported to the customer <EOS>


Original sentence: the last step is the booking in our merchandise management system <EOS>
Compressed sentence (Ground Truth): <EOS>
Number of sequences before filtering: 1
Number of sequences after filtering: 1
Longest sequence is 12 words.
Compressed sentence (predicted, synfeat=False): the last step is the booking in our merchandise management system <EOS>


Loading model
Loaded model from disk
Original sentence: the goods receipt triggers the process <EOS>
Compressed sentence (Ground Truth): <EOS>
Number of sequences before filtering: 1
Number of sequences after filtering: 1
Longest sequence is 7 words.
Compressed sentence (predicted, synfeat=True): the goods receipt triggers the process <EOS>


Original sentence: the goods are delivered by the vendor and arrive in the warehouse <EOS>
Compressed sentence (Ground Truth): <EOS>
Number of sequences before filtering: 1
Number of sequences after filtering: 1
Longest sequence is 13 words.
Compressed sentence (predicted, synfeat=True): the goods are delivered by the vendor <EOS>


Original sentence: the warehouse clerks then check whether the goods have actually been ordered <EOS>
Compressed sentence (Ground Truth): <EOS>
Number of sequences before filtering: 1
Number of sequences after filtering: 1
Longest sequence is 13 words.
Compressed sentence (predicted, synfeat=True): the warehouse clerks then check <EOS>


Original sentence: if goods that have not been ordered are delivered the warehouse clerk refuses to accept the goods <EOS>
Compressed sentence (Ground Truth): <EOS>
Number of sequences before filtering: 1
Number of sequences after filtering: 1
Longest sequence is 18 words.
Compressed sentence (predicted, synfeat=True): the warehouse clerk refuses to accept the goods <EOS>


Original sentence: if on the other hand there is an order the warehouse clerk checks whether the delivery quantity corresponds to the information on the delivery note <EOS>
Compressed sentence (Ground Truth): <EOS>
Number of sequences before filtering: 1
Number of sequences after filtering: 1
Longest sequence is 26 words.
Compressed sentence (predicted, synfeat=True): the delivery quantity corresponds to the information on the delivery note <EOS>


Original sentence: if goods are missing the warehouse clerk enters the missing quantity in the delivery note and in the supply chain management system <EOS>
Compressed sentence (Ground Truth): <EOS>
Number of sequences before filtering: 1
Number of sequences after filtering: 1
Longest sequence is 23 words.
Compressed sentence (predicted, synfeat=True): the warehouse clerk enters the missing quantity <EOS>


Original sentence: the incoming goods department then informs the supplier who in turn issues a new delivery order and delivers the goods at a later date <EOS>
Compressed sentence (Ground Truth): <EOS>
Number of sequences before filtering: 1
Number of sequences after filtering: 1
Longest sequence is 25 words.
Compressed sentence (predicted, synfeat=True): the supplier who turn issues a delivery order <EOS>


Original sentence: all incoming goods are checked by warehousemen for their storability because the goods could have been put together unfavourably <EOS>
Compressed sentence (Ground Truth): <EOS>
Number of sequences before filtering: 1
Number of sequences after filtering: 1
Longest sequence is 20 words.
Compressed sentence (predicted, synfeat=True): all incoming goods are checked by warehousemen for their storability <EOS>


Original sentence: if the latter is the case the goods must be repacked in order to make them fit for storage <EOS>
Compressed sentence (Ground Truth): <EOS>
Number of sequences before filtering: 1
Number of sequences after filtering: 1
Longest sequence is 20 words.
Compressed sentence (predicted, synfeat=True): the goods must be repacked in order to make fit for storage <EOS>


Original sentence: containers pallets and crates are available for this purpose <EOS>
Compressed sentence (Ground Truth): <EOS>
Number of sequences before filtering: 1
Number of sequences after filtering: 1
Longest sequence is 10 words.
Compressed sentence (predicted, synfeat=True): containers pallets are available for this purpose <EOS>


Original sentence: boxes are usually stacked on pallets which in turn are stored in stackable containers <EOS>
Compressed sentence (Ground Truth): <EOS>
Number of sequences before filtering: 1
Number of sequences after filtering: 1
Longest sequence is 15 words.
Compressed sentence (predicted, synfeat=True): boxes are stacked on pallets <EOS>


Original sentence: if the goods can be stored the system checks whether they have a best - before date <EOS>
Compressed sentence (Ground Truth): <EOS>
Number of sequences before filtering: 1
Number of sequences after filtering: 1
Longest sequence is 18 words.
Compressed sentence (predicted, synfeat=True): the the system checks they have a date <EOS>


Original sentence: if so the best - before date must be checked <EOS>
Compressed sentence (Ground Truth): <EOS>
Number of sequences before filtering: 1
Number of sequences after filtering: 1
Longest sequence is 11 words.
Compressed sentence (predicted, synfeat=True): the date must be checked <EOS>


Original sentence: if it lies within the specified tolerance range the shelf life expiration date is entered <EOS>
Compressed sentence (Ground Truth): <EOS>
Number of sequences before filtering: 1
Number of sequences after filtering: 1
Longest sequence is 16 words.
Compressed sentence (predicted, synfeat=True): shelf life expiration date is entered <EOS>


Original sentence: otherwise the goods are sorted out and this is also noted as a shortfall on the delivery note <EOS>
Compressed sentence (Ground Truth): <EOS>
Number of sequences before filtering: 1
Number of sequences after filtering: 1
Longest sequence is 19 words.
Compressed sentence (predicted, synfeat=True): the goods are sorted out <EOS>


Original sentence: the supplier is again informed and therefore has to deliver the missing goods again <EOS>
Compressed sentence (Ground Truth): <EOS>
Number of sequences before filtering: 1
Number of sequences after filtering: 1
Longest sequence is 15 words.
Compressed sentence (predicted, synfeat=True): the supplier is again informed <EOS>


Original sentence: after all checks have been completed the goods can be moved to the various storage rooms whereby the individual storage locations are noted in the system <EOS>
Compressed sentence (Ground Truth): <EOS>
Number of sequences before filtering: 1
Number of sequences after filtering: 1
Longest sequence is 27 words.
Compressed sentence (predicted, synfeat=True): the goods can be moved to the various storage rooms <EOS>


Original sentence: goods to be stored in a cool place are stored in the cold rooms provided for this purpose <EOS>
Compressed sentence (Ground Truth): <EOS>
Number of sequences before filtering: 1
Number of sequences after filtering: 1
Longest sequence is 19 words.
Compressed sentence (predicted, synfeat=True): goods to be stored in a place are stored <EOS>


Original sentence: when an invoice arrives it is checked whether it is available electronically or in writing <EOS>
Compressed sentence (Ground Truth): <EOS>
Number of sequences before filtering: 1
Number of sequences after filtering: 1
Longest sequence is 16 words.
Compressed sentence (predicted, synfeat=True): when an invoice arrives <EOS>


Original sentence: an electronic invoice is transferred directly into the system whereas a written invoice has to be entered first <EOS>
Compressed sentence (Ground Truth): <EOS>
Number of sequences before filtering: 1
Number of sequences after filtering: 1
Longest sequence is 19 words.
Compressed sentence (predicted, synfeat=True): an electronic invoice is transferred directly into the system <EOS>


Original sentence: after entry the open items must be posted with the blocking indicator <EOS>
Compressed sentence (Ground Truth): <EOS>
Number of sequences before filtering: 1
Number of sequences after filtering: 1
Longest sequence is 13 words.
Compressed sentence (predicted, synfeat=True): the open items must be posted with the blocking indicator <EOS>


Original sentence: then the calculation of the input tax deduction takes place <EOS>
Compressed sentence (Ground Truth): <EOS>
Number of sequences before filtering: 1
Number of sequences after filtering: 1
Longest sequence is 11 words.
Compressed sentence (predicted, synfeat=True): the calculation of the input tax deduction takes place <EOS>


Original sentence: now the check is carried out according to the type of incoming payment <EOS>
Compressed sentence (Ground Truth): <EOS>
Number of sequences before filtering: 1
Number of sequences after filtering: 1
Longest sequence is 14 words.
Compressed sentence (predicted, synfeat=True): the check is carried out <EOS>


Original sentence: the payment can be made only after invoice examination unless one is immediate payer <EOS>
Compressed sentence (Ground Truth): <EOS>
Number of sequences before filtering: 1
Number of sequences after filtering: 1
Longest sequence is 15 words.
Compressed sentence (predicted, synfeat=True): the payment can be made only after examination <EOS>


Original sentence: here the invoice is to be released already before <EOS>
Compressed sentence (Ground Truth): <EOS>
Number of sequences before filtering: 1
Number of sequences after filtering: 1
Longest sequence is 10 words.
Compressed sentence (predicted, synfeat=True): the invoice is to be released <EOS>


Original sentence: there is no invoice verification for drop shipments <EOS>
Compressed sentence (Ground Truth): <EOS>
Number of sequences before filtering: 1
Number of sequences after filtering: 1
Longest sequence is 9 words.
Compressed sentence (predicted, synfeat=True): there is no invoice verification for drop shipments <EOS>


Original sentence: the first step is to sort the documents and then assign them to a delivery note <EOS>
Compressed sentence (Ground Truth): <EOS>
Number of sequences before filtering: 1
Number of sequences after filtering: 1
Longest sequence is 17 words.
Compressed sentence (predicted, synfeat=True): the first step is to sort the documents <EOS>


Original sentence: if no delivery note is available a transaction must be assigned manually <EOS>
Compressed sentence (Ground Truth): <EOS>
Number of sequences before filtering: 1
Number of sequences after filtering: 1
Longest sequence is 13 words.
Compressed sentence (predicted, synfeat=True): a transaction must be assigned manually <EOS>


Original sentence: you must now check whether there are any differences between the delivery note and the invoice <EOS>
Compressed sentence (Ground Truth): <EOS>
Number of sequences before filtering: 1
Number of sequences after filtering: 1
Longest sequence is 17 words.
Compressed sentence (predicted, synfeat=True): there are any differences between the delivery note <EOS>


Original sentence: if the deviation is outside the tolerance range a deviation check is carried out <EOS>
Compressed sentence (Ground Truth): <EOS>
Number of sequences before filtering: 1
Number of sequences after filtering: 1
Longest sequence is 15 words.
Compressed sentence (predicted, synfeat=True): the deviation check is carried out <EOS>


Original sentence: now it must be checked whether a credit - side postprocessing is necessary and if necessary this must be carried out <EOS>
Compressed sentence (Ground Truth): <EOS>
Number of sequences before filtering: 1
Number of sequences after filtering: 1
Longest sequence is 22 words.
Compressed sentence (predicted, synfeat=True): a postprocessing is necessary <EOS>


Original sentence: now the invoice is archived and it is checked whether differences are to be posted and whether there was an immediate payment <EOS>
Compressed sentence (Ground Truth): <EOS>
Number of sequences before filtering: 1
Number of sequences after filtering: 1
Longest sequence is 23 words.
Compressed sentence (predicted, synfeat=True): the invoice is archived differences are to be posted <EOS>


Original sentence: if differences are to be posted the system branches to the goods valuation process <EOS>
Compressed sentence (Ground Truth): <EOS>
Number of sequences before filtering: 1
Number of sequences after filtering: 1
Longest sequence is 15 words.
Compressed sentence (predicted, synfeat=True): the system branches to the goods valuation process <EOS>


Original sentence: if no immediate payment has been made the block indicators for the open items are removed and the invoice is released for payment and the outgoing payment posting process is called <EOS>
Compressed sentence (Ground Truth): <EOS>
Number of sequences before filtering: 1
Number of sequences after filtering: 1
Longest sequence is 32 words.
Compressed sentence (predicted, synfeat=True): the block indicators for the open items are removed <EOS>


Original sentence: as soon as we receive a customer order a sales employee checks whether the customer has already been entered in the customer database <EOS>
Compressed sentence (Ground Truth): <EOS>
Number of sequences before filtering: 1
Number of sequences after filtering: 1
Longest sequence is 24 words.
Compressed sentence (predicted, synfeat=True): a the customer has been entered in the customer database <EOS>


Original sentence: as soon as we receive a customer order a sales employee checks whether the customer has already been entered in the customer database <EOS>
Compressed sentence (Ground Truth): <EOS>
Number of sequences before filtering: 1
Number of sequences after filtering: 1
Longest sequence is 24 words.
Compressed sentence (predicted, synfeat=True): a the customer has been entered in the customer database <EOS>


Original sentence: if this is not the case the customer data is newly created <EOS>
Compressed sentence (Ground Truth): <EOS>
Number of sequences before filtering: 1
Number of sequences after filtering: 1
Longest sequence is 13 words.
Compressed sentence (predicted, synfeat=True): the customer data is newly created <EOS>


Original sentence: once the data has been entered we create an order confirmation in the merchandise management system and send it out <EOS>
Compressed sentence (Ground Truth): <EOS>
Number of sequences before filtering: 1
Number of sequences after filtering: 1
Longest sequence is 21 words.
Compressed sentence (predicted, synfeat=True): we create an order confirmation in the system <EOS>


Original sentence: once the order confirmation has been created and sent the ordered chocolate bars are removed from storage <EOS>
Compressed sentence (Ground Truth): <EOS>
Number of sequences before filtering: 1
Number of sequences after filtering: 1
Longest sequence is 18 words.
Compressed sentence (predicted, synfeat=True): chocolate bars are removed from storage <EOS>


Original sentence: following the outsourcing a final quality control takes place <EOS>
Compressed sentence (Ground Truth): <EOS>
Number of sequences before filtering: 1
Number of sequences after filtering: 1
Longest sequence is 10 words.
Compressed sentence (predicted, synfeat=True): a final quality control takes place <EOS>


Original sentence: if we detect any defects in the packaging or the chocolate the inferior bars are disposed of and then the missing quantity of chocolate bars is removed again <EOS>
Compressed sentence (Ground Truth): <EOS>
Number of sequences before filtering: 1
Number of sequences after filtering: 1
Longest sequence is 29 words.
Compressed sentence (predicted, synfeat=True): inferior bars are disposed of quantity bars is <EOS>


Original sentence: if the quality is perfect the bars are packed in cartons <EOS>
Compressed sentence (Ground Truth): <EOS>
Number of sequences before filtering: 1
Number of sequences after filtering: 1
Longest sequence is 12 words.
Compressed sentence (predicted, synfeat=True): the bars are packed in cartons <EOS>


Original sentence: after the goods have been packed the merchandise management system checks whether the customer is the person collecting the goods himself <EOS>
Compressed sentence (Ground Truth): <EOS>
Number of sequences before filtering: 1
Number of sequences after filtering: 1
Longest sequence is 22 words.
Compressed sentence (predicted, synfeat=True): the management system checks the customer is the person <EOS>


Original sentence: if so we will either provide him with a box pallet or a wooden pallet <EOS>
Compressed sentence (Ground Truth): <EOS>
Number of sequences before filtering: 1
Number of sequences after filtering: 1
Longest sequence is 16 words.
Compressed sentence (predicted, synfeat=True): we will provide him with a box pallet <EOS>


Original sentence: it should be noted that wooden pallets are only awarded to regular customers <EOS>
Compressed sentence (Ground Truth): <EOS>
Number of sequences before filtering: 1
Number of sequences after filtering: 1
Longest sequence is 14 words.
Compressed sentence (predicted, synfeat=True): wooden pallets are awarded to regular customers <EOS>


Original sentence: if on the other hand the customer does not collect the pallets himself the cartons are always provided in a lattice box <EOS>
Compressed sentence (Ground Truth): <EOS>
Number of sequences before filtering: 1
Number of sequences after filtering: 1
Longest sequence is 23 words.
Compressed sentence (predicted, synfeat=True): customer does cartons are provided in a lattice box <EOS>


Original sentence: the transport is then arranged in the merchandise management system <EOS>
Compressed sentence (Ground Truth): <EOS>
Number of sequences before filtering: 1
Number of sequences after filtering: 1
Longest sequence is 11 words.
Compressed sentence (predicted, synfeat=True): the transport is arranged in the management system <EOS>


Original sentence: the goods are then loaded and transported to the customer or taken away by the customer <EOS>
Compressed sentence (Ground Truth): <EOS>
Number of sequences before filtering: 1
Number of sequences after filtering: 1
Longest sequence is 17 words.
Compressed sentence (predicted, synfeat=True): the goods are then loaded and transported customer <EOS>


Original sentence: the last step is the booking in our merchandise management system <EOS>
Compressed sentence (Ground Truth): <EOS>
Number of sequences before filtering: 1
Number of sequences after filtering: 1
Longest sequence is 12 words.
Compressed sentence (predicted, synfeat=True): the last step is the booking <EOS>